# JRE version: Java(TM) SE Runtime Environment (7.0_80-b15) (build 1.7.0_80-b15)
# Java VM: Java HotSpot(TM) 64-Bit Server VM (24.80-b11 mixed mode linux-amd64 compressed oops)
Heap
 PSYoungGen      total 251392K, used 1437K [0x00000000eaa80000, 0x00000000fd500000, 0x0000000100000000)
  eden space 204288K, 0% used [0x00000000eaa80000,0x00000000eaa80000,0x00000000f7200000)
  from space 47104K, 3% used [0x00000000fa000000,0x00000000fa167760,0x00000000fce00000)
  to   space 47104K, 0% used [0x00000000f7200000,0x00000000f7200000,0x00000000fa000000)
 ParOldGen       total 177152K, used 176807K [0x00000000c0000000, 0x00000000cad00000, 0x00000000eaa80000)
  object space 177152K, 99% used [0x00000000c0000000,0x00000000caca9ff0,0x00000000cad00000)
 PSPermGen       total 21504K, used 6135K [0x00000000bae00000, 0x00000000bc300000, 0x00000000c0000000)
  object space 21504K, 28% used [0x00000000bae00000,0x00000000bb3fddd0,0x00000000bc300000)
GC Heap History (10 events):
Event: 16.631 GC heap after
Heap after GC invocations=16 (full 3):
 PSYoungGen      total 168960K, used 31200K [0x00000000eaa80000, 0x00000000f9600000, 0x0000000100000000)
  eden space 137728K, 0% used [0x00000000eaa80000,0x00000000eaa80000,0x00000000f3100000)
  from space 31232K, 99% used [0x00000000f3100000,0x00000000f4f78010,0x00000000f4f80000)
  to   space 40448K, 0% used [0x00000000f6e80000,0x00000000f6e80000,0x00000000f9600000)
 ParOldGen       total 115200K, used 80127K [0x00000000c0000000, 0x00000000c7080000, 0x00000000eaa80000)
  object space 115200K, 69% used [0x00000000c0000000,0x00000000c4e3fc20,0x00000000c7080000)
 PSPermGen       total 21504K, used 6100K [0x00000000bae00000, 0x00000000bc300000, 0x00000000c0000000)
  object space 21504K, 28% used [0x00000000bae00000,0x00000000bb3f51e0,0x00000000bc300000)
}
Event: 17.654 GC heap before
{Heap before GC invocations=17 (full 3):
 PSYoungGen      total 168960K, used 168928K [0x00000000eaa80000, 0x00000000f9600000, 0x0000000100000000)
  eden space 137728K, 100% used [0x00000000eaa80000,0x00000000f3100000,0x00000000f3100000)
  from space 31232K, 99% used [0x00000000f3100000,0x00000000f4f78010,0x00000000f4f80000)
  to   space 40448K, 0% used [0x00000000f6e80000,0x00000000f6e80000,0x00000000f9600000)
 ParOldGen       total 115200K, used 80127K [0x00000000c0000000, 0x00000000c7080000, 0x00000000eaa80000)
  object space 115200K, 69% used [0x00000000c0000000,0x00000000c4e3fc20,0x00000000c7080000)
 PSPermGen       total 21504K, used 6112K [0x00000000bae00000, 0x00000000bc300000, 0x00000000c0000000)
  object space 21504K, 28% used [0x00000000bae00000,0x00000000bb3f8348,0x00000000bc300000)
Event: 18.161 GC heap after
Heap after GC invocations=17 (full 3):
 PSYoungGen      total 200704K, used 22193K [0x00000000eaa80000, 0x00000000fa480000, 0x0000000100000000)
  eden space 160256K, 0% used [0x00000000eaa80000,0x00000000eaa80000,0x00000000f4700000)
  from space 40448K, 54% used [0x00000000f6e80000,0x00000000f842c6c8,0x00000000f9600000)
  to   space 40448K, 0% used [0x00000000f4700000,0x00000000f4700000,0x00000000f6e80000)
 ParOldGen       total 115200K, used 111358K [0x00000000c0000000, 0x00000000c7080000, 0x00000000eaa80000)
  object space 115200K, 96% used [0x00000000c0000000,0x00000000c6cbfac0,0x00000000c7080000)
 PSPermGen       total 21504K, used 6112K [0x00000000bae00000, 0x00000000bc300000, 0x00000000c0000000)
  object space 21504K, 28% used [0x00000000bae00000,0x00000000bb3f8348,0x00000000bc300000)
}
Event: 18.161 GC heap before
{Heap before GC invocations=18 (full 4):
 PSYoungGen      total 200704K, used 22193K [0x00000000eaa80000, 0x00000000fa480000, 0x0000000100000000)
  eden space 160256K, 0% used [0x00000000eaa80000,0x00000000eaa80000,0x00000000f4700000)
  from space 40448K, 54% used [0x00000000f6e80000,0x00000000f842c6c8,0x00000000f9600000)
  to   space 40448K, 0% used [0x00000000f4700000,0x00000000f4700000,0x00000000f6e80000)
 ParOldGen       total 115200K, used 111358K [0x00000000c0000000, 0x00000000c7080000, 0x00000000eaa80000)
  object space 115200K, 96% used [0x00000000c0000000,0x00000000c6cbfac0,0x00000000c7080000)
 PSPermGen       total 21504K, used 6112K [0x00000000bae00000, 0x00000000bc300000, 0x00000000c0000000)
  object space 21504K, 28% used [0x00000000bae00000,0x00000000bb3f8348,0x00000000bc300000)
Event: 19.100 GC heap after
Heap after GC invocations=18 (full 4):
 PSYoungGen      total 200704K, used 15877K [0x00000000eaa80000, 0x00000000fa480000, 0x0000000100000000)
  eden space 160256K, 0% used [0x00000000eaa80000,0x00000000eaa80000,0x00000000f4700000)
  from space 40448K, 39% used [0x00000000f6e80000,0x00000000f7e015b0,0x00000000f9600000)
  to   space 40448K, 0% used [0x00000000f4700000,0x00000000f4700000,0x00000000f6e80000)
 ParOldGen       total 177152K, used 114871K [0x00000000c0000000, 0x00000000cad00000, 0x00000000eaa80000)
  object space 177152K, 64% used [0x00000000c0000000,0x00000000c702deb0,0x00000000cad00000)
 PSPermGen       total 21504K, used 6111K [0x00000000bae00000, 0x00000000bc300000, 0x00000000c0000000)
  object space 21504K, 28% used [0x00000000bae00000,0x00000000bb3f7f68,0x00000000bc300000)
}
Event: 19.779 GC heap before
{Heap before GC invocations=19 (full 4):
 PSYoungGen      total 200704K, used 176133K [0x00000000eaa80000, 0x00000000fa480000, 0x0000000100000000)
  eden space 160256K, 100% used [0x00000000eaa80000,0x00000000f4700000,0x00000000f4700000)
  from space 40448K, 39% used [0x00000000f6e80000,0x00000000f7e015b0,0x00000000f9600000)
  to   space 40448K, 0% used [0x00000000f4700000,0x00000000f4700000,0x00000000f6e80000)
 ParOldGen       total 177152K, used 114871K [0x00000000c0000000, 0x00000000cad00000, 0x00000000eaa80000)
  object space 177152K, 64% used [0x00000000c0000000,0x00000000c702deb0,0x00000000cad00000)
 PSPermGen       total 21504K, used 6120K [0x00000000bae00000, 0x00000000bc300000, 0x00000000c0000000)
  object space 21504K, 28% used [0x00000000bae00000,0x00000000bb3fa198,0x00000000bc300000)
Event: 20.083 GC heap after
Heap after GC invocations=19 (full 4):
 PSYoungGen      total 200704K, used 40416K [0x00000000eaa80000, 0x00000000fce00000, 0x0000000100000000)
  eden space 160256K, 0% used [0x00000000eaa80000,0x00000000eaa80000,0x00000000f4700000)
  from space 40448K, 99% used [0x00000000f4700000,0x00000000f6e783a8,0x00000000f6e80000)
  to   space 47104K, 0% used [0x00000000fa000000,0x00000000fa000000,0x00000000fce00000)
 ParOldGen       total 177152K, used 114970K [0x00000000c0000000, 0x00000000cad00000, 0x00000000eaa80000)
  object space 177152K, 64% used [0x00000000c0000000,0x00000000c7046808,0x00000000cad00000)
 PSPermGen       total 21504K, used 6120K [0x00000000bae00000, 0x00000000bc300000, 0x00000000c0000000)
  object space 21504K, 28% used [0x00000000bae00000,0x00000000bb3fa198,0x00000000bc300000)
}
Event: 20.955 GC heap before
{Heap before GC invocations=20 (full 4):
 PSYoungGen      total 200704K, used 200672K [0x00000000eaa80000, 0x00000000fce00000, 0x0000000100000000)
  eden space 160256K, 100% used [0x00000000eaa80000,0x00000000f4700000,0x00000000f4700000)
  from space 40448K, 99% used [0x00000000f4700000,0x00000000f6e783a8,0x00000000f6e80000)
  to   space 47104K, 0% used [0x00000000fa000000,0x00000000fa000000,0x00000000fce00000)
 ParOldGen       total 177152K, used 114970K [0x00000000c0000000, 0x00000000cad00000, 0x00000000eaa80000)
  object space 177152K, 64% used [0x00000000c0000000,0x00000000c7046808,0x00000000cad00000)
 PSPermGen       total 21504K, used 6135K [0x00000000bae00000, 0x00000000bc300000, 0x00000000c0000000)
  object space 21504K, 28% used [0x00000000bae00000,0x00000000bb3fdf30,0x00000000bc300000)
Event: 21.410 GC heap after
Heap after GC invocations=20 (full 4):
 PSYoungGen      total 251392K, used 25088K [0x00000000eaa80000, 0x00000000fd500000, 0x0000000100000000)
  eden space 204288K, 0% used [0x00000000eaa80000,0x00000000eaa80000,0x00000000f7200000)
  from space 47104K, 53% used [0x00000000fa000000,0x00000000fb880038,0x00000000fce00000)
  to   space 47104K, 0% used [0x00000000f7200000,0x00000000f7200000,0x00000000fa000000)
 ParOldGen       total 177152K, used 154537K [0x00000000c0000000, 0x00000000cad00000, 0x00000000eaa80000)
  object space 177152K, 87% used [0x00000000c0000000,0x00000000c96ea750,0x00000000cad00000)
 PSPermGen       total 21504K, used 6135K [0x00000000bae00000, 0x00000000bc300000, 0x00000000c0000000)
  object space 21504K, 28% used [0x00000000bae00000,0x00000000bb3fdf30,0x00000000bc300000)
}
Event: 21.410 GC heap before
{Heap before GC invocations=21 (full 5):
 PSYoungGen      total 251392K, used 25088K [0x00000000eaa80000, 0x00000000fd500000, 0x0000000100000000)
  eden space 204288K, 0% used [0x00000000eaa80000,0x00000000eaa80000,0x00000000f7200000)
  from space 47104K, 53% used [0x00000000fa000000,0x00000000fb880038,0x00000000fce00000)
  to   space 47104K, 0% used [0x00000000f7200000,0x00000000f7200000,0x00000000fa000000)
 ParOldGen       total 177152K, used 154537K [0x00000000c0000000, 0x00000000cad00000, 0x00000000eaa80000)
  object space 177152K, 87% used [0x00000000c0000000,0x00000000c96ea750,0x00000000cad00000)
 PSPermGen       total 21504K, used 6135K [0x00000000bae00000, 0x00000000bc300000, 0x00000000c0000000)
  object space 21504K, 28% used [0x00000000bae00000,0x00000000bb3fdf30,0x00000000bc300000)

